<?xml version="1.0" encoding="UTF-8"?>
<testng-results skipped="0" failed="0" ignored="0" total="1" passed="1">
  <reporter-output>
  </reporter-output>
  <suite name="Default suite" duration-ms="28738" started-at="2020-11-30T06:32:54Z" finished-at="2020-11-30T06:33:22Z">
    <groups>
    </groups>
    <test name="Default test" duration-ms="28738" started-at="2020-11-30T06:32:54Z" finished-at="2020-11-30T06:33:22Z">
      <class name="com_Adv_sel_Test.DemoA">
        <test-method status="PASS" signature="TestA()[pri:0, instance:com_Adv_sel_Test.DemoA@4501b7af]" name="TestA" duration-ms="28669" started-at="2020-11-30T06:32:54Z" finished-at="2020-11-30T06:33:22Z">
          <reporter-output>
          </reporter-output>
        </test-method> <!-- TestA -->
      </class> <!-- com_Adv_sel_Test.DemoA -->
    </test> <!-- Default test -->
  </suite> <!-- Default suite -->
</testng-results>
